\BOOKMARK [0][]{chapter.1}{Introduction}{}% 1
\BOOKMARK [1][]{section.1.1}{Good ol' quantum mechanics}{chapter.1}% 2
\BOOKMARK [1][]{section.1.2}{Adopting a new assumption}{chapter.1}% 3
\BOOKMARK [1][]{section.1.3}{PT-symmetric quantum mechanics}{chapter.1}% 4
\BOOKMARK [1][]{section.1.4}{Nerd-Sniped}{chapter.1}% 5
\BOOKMARK [0][]{chapter.2}{My aborted simulation}{}% 6
\BOOKMARK [1][]{section.2.1}{Methods}{chapter.2}% 7
\BOOKMARK [1][]{section.2.2}{Results}{chapter.2}% 8
\BOOKMARK [0][]{chapter.3}{Reproducing Bender's figure}{}% 9
\BOOKMARK [1][]{section.3.1}{Methods}{chapter.3}% 10
\BOOKMARK [2][]{subsection.3.1.1}{WKB approximation}{section.3.1}% 11
\BOOKMARK [2][]{subsection.3.1.2}{Matrix equations}{section.3.1}% 12
\BOOKMARK [1][]{section.3.2}{Results}{chapter.3}% 13
\BOOKMARK [2][]{subsection.3.2.1}{The region of unbroken PT-symmetry}{section.3.2}% 14
\BOOKMARK [2][]{subsection.3.2.2}{The region of broken PT-symmetry}{section.3.2}% 15
\BOOKMARK [2][]{subsection.3.2.3}{The final result}{section.3.2}% 16
\BOOKMARK [0][]{chapter.4}{Discussion}{}% 17
\BOOKMARK [1][]{section.4.1}{Complex WKB}{chapter.4}% 18
\BOOKMARK [1][]{section.4.2}{Stokes wedges and boundary conditions}{chapter.4}% 19
\BOOKMARK [1][]{section.4.3}{PT-symmetry breaking}{chapter.4}% 20
\BOOKMARK [1][]{section.4.4}{Exceptional points}{chapter.4}% 21
\BOOKMARK [0][]{chapter.5}{Conclusion}{}% 22
\BOOKMARK [0][]{chapter.6}{Acknowledgements}{}% 23
\BOOKMARK [0][]{chapter.7}{Appendix}{}% 24
